<?xml version="1.0" encoding="UTF-8"?>
<!-- Generated by org.testng.reporters.JUnitReportReporter -->
<testsuite hostname="Andres" failures="0" tests="1" name="navigation.NavigationTests" time="1.048" errors="0" timestamp="2025-07-10T12:14:45 GMT-03:00" skipped="0">
  <testcase classname="navigation.NavigationTests" name="testOpenExample1WithCtrlClickAndVerifyStartButton" time="1.048"/>
</testsuite> <!-- navigation.NavigationTests -->
